


ARM Macro Assembler    Page 1 


    1 00000000         ;/**
    2 00000000         ;*******************************************************
                       *********************************
    3 00000000         ;*
    4 00000000         ;* @file boot_vectors.s
    5 00000000         ;*
    6 00000000         ;* @brief ARM Exception Vectors table.
    7 00000000         ;*
    8 00000000         ;* Copyright (C) RivieraWaves 2009-2015
    9 00000000         ;*
   10 00000000         ;* $Rev:  $
   11 00000000         ;*
   12 00000000         ;*******************************************************
                       *********************************
   13 00000000         ;*/
   14 00000000         
   15 00000000         
   16 00000000         
   17 00000000         ;EXPORT vectors
   18 00000000         
   19 00000000                 IMPORT           sys_Reset
   20 00000000         
   21 00000000                 IMPORT           SYSirq_IRQ_Handler
   22 00000000                 IMPORT           SYSirq_FIQ_Handler
   23 00000000         
   24 00000000                 IMPORT           Undefined_Exception
   25 00000000                 IMPORT           SoftwareInterrupt_Exception
   26 00000000         
   27 00000000                 IMPORT           Reserved_Exception
   28 00000000                 IMPORT           PrefetchAbort_Exception
   29 00000000                 IMPORT           DataAbort_Exception
   30 00000000         
   31 00000000                 PRESERVE8
   32 00000000         
   33 00000000                 CODE32
   34 00000000                 AREA             SYS_BOOT, CODE, READONLY
   35 00000000                 ENTRY
   36 00000000         
   37 00000000         vectors
   38 00000000         ; reset handler
   39 00000000 E59FF018        LDR              PC,       boot_reset
   40 00000004         ; undefined handler
   41 00000004 E59FF018        LDR              PC,       boot_undefined
   42 00000008         ; SWI handler
   43 00000008 E59FF018        LDR              PC,    boot_swi
   44 0000000C         ; Prefetch error handler
   45 0000000C E59FF018        LDR              PC,       boot_pabort
   46 00000010         ; abort handler
   47 00000010 E59FF018        LDR              PC,       boot_dabort
   48 00000014         ; reserved vector
   49 00000014 E59FF018        LDR              PC,    boot_reserved
   50 00000018         ; irq
   51 00000018 E59FF018        LDR              PC,       intc_irq
   52 0000001C         ; fiq
   53 0000001C E59FF018        LDR              PC,       intc_fiq
   54 00000020         
   55 00000020         
   56 00000020         
   57 00000020 00000000 



ARM Macro Assembler    Page 2 


                       boot_reset
                               DCD              sys_Reset
   58 00000024 00000000 
                       boot_undefined
                               DCD              Undefined
   59 00000028 00000000 
                       boot_swi
                               DCD              SoftwareInterrupt
   60 0000002C 00000000 
                       boot_pabort
                               DCD              PrefetchAbort
   61 00000030 00000000 
                       boot_dabort
                               DCD              DataAbort
   62 00000034 00000000 
                       boot_reserved
                               DCD              sys_reserved
   63 00000038 00000000 
                       intc_irq
                               DCD              IRQ_Handler
   64 0000003C 00000000 
                       intc_fiq
                               DCD              FIQ_Handler
   65 00000040         
   66 00000040         ;*******************************************************
                       ************************
   67 00000040         ;* Function Name  : UndefinedHandler
   68 00000040         ;* Description    : This function called when undefined 
                       instruction exception
   69 00000040         ;*                  is entered.
   70 00000040         ;* Input          : none
   71 00000040         ;* Output         : none
   72 00000040         ;*******************************************************
                       ************************
   73 00000040         Undefined
   74 00000040 EAFFFFFE        B                Undefined_Exception
   75 00000044         
   76 00000044         ;*******************************************************
                       ************************
   77 00000044         ;* Function Name  : SWIHandler
   78 00000044         ;* Description    : This function called when SWI instru
                       ction executed.
   79 00000044         ;* Input          : none
   80 00000044         ;* Output         : none
   81 00000044         ;*******************************************************
                       ************************
   82 00000044         SoftwareInterrupt
   83 00000044 EAFFFFFE        B                SoftwareInterrupt_Exception
   84 00000048         
   85 00000048         PrefetchAbort
   86 00000048 EAFFFFFE        B                PrefetchAbort_Exception
   87 0000004C         
   88 0000004C         ;*******************************************************
                       ************************
   89 0000004C         ;* Function Name  : DataAbortHandler
   90 0000004C         ;* Description    : This function is called when Data Ab
                       ort exception is entered.
   91 0000004C         ;* Input          : none
   92 0000004C         ;* Output         : none



ARM Macro Assembler    Page 3 


   93 0000004C         ;*******************************************************
                       ************************
   94 0000004C         DataAbort
   95 0000004C EAFFFFFE        B                DataAbort_Exception
   96 00000050         
   97 00000050         ;*******************************************************
                       ************************
   98 00000050         ;* Function Name  : IRQHandler
   99 00000050         ;* Description    : This function called when IRQ except
                       ion is entered.
  100 00000050         ;* Input          : none
  101 00000050         ;* Output         : none
  102 00000050         ;*******************************************************
                       ************************
  103 00000050         IRQ_Handler
  104 00000050 EAFFFFFE        B                SYSirq_IRQ_Handler
  105 00000054         
  106 00000054         sys_reserved
  107 00000054 EAFFFFFE        B                Reserved_Exception
  108 00000058         
  109 00000058         ;*******************************************************
                       ************************
  110 00000058         ;* Function Name  : FIQHandler
  111 00000058         ;* Description    : This function is called when FIQ exc
                       eption is entered.
  112 00000058         ;* Input          : none
  113 00000058         ;* Output         : none
  114 00000058         ;*******************************************************
                       ************************
  115 00000058         FIQ_Handler
  116 00000058         
  117 00000058 EAFFFFFE        B                SYSirq_FIQ_Handler
  118 0000005C         
  119 0000005C         
  120 0000005C         
  121 0000005C         
  122 0000005C         
  123 0000005C         
  124 0000005C         
  125 0000005C                 END
Command Line: --debug --xref --diag_suppress=9931 --cpu=ARM9E --apcs=interwork 
--depend=.\obj\boot_vectors.d -o.\obj\boot_vectors.o -I.\src\plf\refip\src\arch
\ll -IC:\Keil_v5\ARM\RV31\INC -IC:\Keil_v5\ARM\CMSIS\Include --predefine="__MIC
ROLIB SETA 1" --predefine="__UVISION_VERSION SETA 528" --list=.\lst\boot_vector
s.lst ..\..\sdk\plactform\arch\boot\boot_vectors.s



ARM Macro Assembler    Page 1 Alphabetic symbol ordering
Relocatable symbols

DataAbort 0000004C

Symbol: DataAbort
   Definitions
      At line 94 in file ..\..\sdk\plactform\arch\boot\boot_vectors.s
   Uses
      At line 61 in file ..\..\sdk\plactform\arch\boot\boot_vectors.s
Comment: DataAbort used once
FIQ_Handler 00000058

Symbol: FIQ_Handler
   Definitions
      At line 115 in file ..\..\sdk\plactform\arch\boot\boot_vectors.s
   Uses
      At line 64 in file ..\..\sdk\plactform\arch\boot\boot_vectors.s
Comment: FIQ_Handler used once
IRQ_Handler 00000050

Symbol: IRQ_Handler
   Definitions
      At line 103 in file ..\..\sdk\plactform\arch\boot\boot_vectors.s
   Uses
      At line 63 in file ..\..\sdk\plactform\arch\boot\boot_vectors.s
Comment: IRQ_Handler used once
PrefetchAbort 00000048

Symbol: PrefetchAbort
   Definitions
      At line 85 in file ..\..\sdk\plactform\arch\boot\boot_vectors.s
   Uses
      At line 60 in file ..\..\sdk\plactform\arch\boot\boot_vectors.s
Comment: PrefetchAbort used once
SYS_BOOT 00000000

Symbol: SYS_BOOT
   Definitions
      At line 34 in file ..\..\sdk\plactform\arch\boot\boot_vectors.s
   Uses
      None
Comment: SYS_BOOT unused
SoftwareInterrupt 00000044

Symbol: SoftwareInterrupt
   Definitions
      At line 82 in file ..\..\sdk\plactform\arch\boot\boot_vectors.s
   Uses
      At line 59 in file ..\..\sdk\plactform\arch\boot\boot_vectors.s
Comment: SoftwareInterrupt used once
Undefined 00000040

Symbol: Undefined
   Definitions
      At line 73 in file ..\..\sdk\plactform\arch\boot\boot_vectors.s
   Uses
      At line 58 in file ..\..\sdk\plactform\arch\boot\boot_vectors.s
Comment: Undefined used once
boot_dabort 00000030

Symbol: boot_dabort



ARM Macro Assembler    Page 2 Alphabetic symbol ordering
Relocatable symbols

   Definitions
      At line 61 in file ..\..\sdk\plactform\arch\boot\boot_vectors.s
   Uses
      At line 47 in file ..\..\sdk\plactform\arch\boot\boot_vectors.s
Comment: boot_dabort used once
boot_pabort 0000002C

Symbol: boot_pabort
   Definitions
      At line 60 in file ..\..\sdk\plactform\arch\boot\boot_vectors.s
   Uses
      At line 45 in file ..\..\sdk\plactform\arch\boot\boot_vectors.s
Comment: boot_pabort used once
boot_reserved 00000034

Symbol: boot_reserved
   Definitions
      At line 62 in file ..\..\sdk\plactform\arch\boot\boot_vectors.s
   Uses
      At line 49 in file ..\..\sdk\plactform\arch\boot\boot_vectors.s
Comment: boot_reserved used once
boot_reset 00000020

Symbol: boot_reset
   Definitions
      At line 57 in file ..\..\sdk\plactform\arch\boot\boot_vectors.s
   Uses
      At line 39 in file ..\..\sdk\plactform\arch\boot\boot_vectors.s
Comment: boot_reset used once
boot_swi 00000028

Symbol: boot_swi
   Definitions
      At line 59 in file ..\..\sdk\plactform\arch\boot\boot_vectors.s
   Uses
      At line 43 in file ..\..\sdk\plactform\arch\boot\boot_vectors.s
Comment: boot_swi used once
boot_undefined 00000024

Symbol: boot_undefined
   Definitions
      At line 58 in file ..\..\sdk\plactform\arch\boot\boot_vectors.s
   Uses
      At line 41 in file ..\..\sdk\plactform\arch\boot\boot_vectors.s
Comment: boot_undefined used once
intc_fiq 0000003C

Symbol: intc_fiq
   Definitions
      At line 64 in file ..\..\sdk\plactform\arch\boot\boot_vectors.s
   Uses
      At line 53 in file ..\..\sdk\plactform\arch\boot\boot_vectors.s
Comment: intc_fiq used once
intc_irq 00000038

Symbol: intc_irq
   Definitions
      At line 63 in file ..\..\sdk\plactform\arch\boot\boot_vectors.s
   Uses



ARM Macro Assembler    Page 3 Alphabetic symbol ordering
Relocatable symbols

      At line 51 in file ..\..\sdk\plactform\arch\boot\boot_vectors.s
Comment: intc_irq used once
sys_reserved 00000054

Symbol: sys_reserved
   Definitions
      At line 106 in file ..\..\sdk\plactform\arch\boot\boot_vectors.s
   Uses
      At line 62 in file ..\..\sdk\plactform\arch\boot\boot_vectors.s
Comment: sys_reserved used once
vectors 00000000

Symbol: vectors
   Definitions
      At line 37 in file ..\..\sdk\plactform\arch\boot\boot_vectors.s
   Uses
      None
Comment: vectors unused
17 symbols



ARM Macro Assembler    Page 1 Alphabetic symbol ordering
External symbols

DataAbort_Exception 00000000

Symbol: DataAbort_Exception
   Definitions
      At line 29 in file ..\..\sdk\plactform\arch\boot\boot_vectors.s
   Uses
      At line 95 in file ..\..\sdk\plactform\arch\boot\boot_vectors.s
Comment: DataAbort_Exception used once
PrefetchAbort_Exception 00000000

Symbol: PrefetchAbort_Exception
   Definitions
      At line 28 in file ..\..\sdk\plactform\arch\boot\boot_vectors.s
   Uses
      At line 86 in file ..\..\sdk\plactform\arch\boot\boot_vectors.s
Comment: PrefetchAbort_Exception used once
Reserved_Exception 00000000

Symbol: Reserved_Exception
   Definitions
      At line 27 in file ..\..\sdk\plactform\arch\boot\boot_vectors.s
   Uses
      At line 107 in file ..\..\sdk\plactform\arch\boot\boot_vectors.s
Comment: Reserved_Exception used once
SYSirq_FIQ_Handler 00000000

Symbol: SYSirq_FIQ_Handler
   Definitions
      At line 22 in file ..\..\sdk\plactform\arch\boot\boot_vectors.s
   Uses
      At line 117 in file ..\..\sdk\plactform\arch\boot\boot_vectors.s
Comment: SYSirq_FIQ_Handler used once
SYSirq_IRQ_Handler 00000000

Symbol: SYSirq_IRQ_Handler
   Definitions
      At line 21 in file ..\..\sdk\plactform\arch\boot\boot_vectors.s
   Uses
      At line 104 in file ..\..\sdk\plactform\arch\boot\boot_vectors.s
Comment: SYSirq_IRQ_Handler used once
SoftwareInterrupt_Exception 00000000

Symbol: SoftwareInterrupt_Exception
   Definitions
      At line 25 in file ..\..\sdk\plactform\arch\boot\boot_vectors.s
   Uses
      At line 83 in file ..\..\sdk\plactform\arch\boot\boot_vectors.s
Comment: SoftwareInterrupt_Exception used once
Undefined_Exception 00000000

Symbol: Undefined_Exception
   Definitions
      At line 24 in file ..\..\sdk\plactform\arch\boot\boot_vectors.s
   Uses
      At line 74 in file ..\..\sdk\plactform\arch\boot\boot_vectors.s
Comment: Undefined_Exception used once
sys_Reset 00000000

Symbol: sys_Reset



ARM Macro Assembler    Page 2 Alphabetic symbol ordering
External symbols

   Definitions
      At line 19 in file ..\..\sdk\plactform\arch\boot\boot_vectors.s
   Uses
      At line 57 in file ..\..\sdk\plactform\arch\boot\boot_vectors.s
Comment: sys_Reset used once
8 symbols
357 symbols in table
