10.50.26	正常	设备1 CRC = 0xc0259967
10.50.44	正常	设备1 程序下载成功 
10.57.50	正常	设备1 CRC = 0xc0259967
10.58.08	正常	设备1 程序下载成功 
10.58.19	正常	设备1 CRC = 0xc0259967
10.58.20	错误	设备1 downImage复位失败!!
10.58.20	警告	设备1 程序下载失败 
10.58.22	正常	设备1 继续下载失败的bin文件！ 
10.58.23	错误	设备1 downImage复位失败!!
10.58.23	警告	设备1 程序下载失败 
10.58.36	正常	设备1 继续下载失败的bin文件！ 
10.58.53	正常	设备1 程序下载成功 
10.59.19	正常	设备1 CRC = 0xc0259967
10.59.20	错误	设备1 downImage复位失败!!
10.59.20	警告	设备1 程序下载失败 
10.59.25	正常	设备1 继续下载失败的bin文件！ 
10.59.25	错误	设备1 downImage复位失败!!
10.59.25	警告	设备1 程序下载失败 
11.03.21	正常	设备1 CRC = 0xc0259967
11.03.39	正常	设备1 程序下载成功 
11.04.42	正常	设备1 CRC = 0xc0259967
11.05.00	正常	设备1 程序下载成功 
11.06.22	正常	设备1 CRC = 0xc0259967
11.06.40	正常	设备1 程序下载成功 
11.06.59	正常	设备1 CRC = 0xc0259967
11.06.59	错误	设备1 downImage复位失败!!
11.06.59	警告	设备1 程序下载失败 
11.07.26	正常	设备1 继续下载失败的bin文件！ 
11.07.44	正常	设备1 程序下载成功 
11.08.04	正常	设备1 CRC = 0xc0259967
11.08.22	正常	设备1 程序下载成功 
11.08.36	正常	设备1 CRC = 0xc0259967
11.08.54	正常	设备1 程序下载成功 
11.10.44	正常	设备1 CRC = 0xc0259967
11.11.02	正常	设备1 程序下载成功 
11.11.15	正常	设备1 CRC = 0xc0259967
11.11.33	正常	设备1 程序下载成功 
17.27.51	正常	设备1 CRC = 0x74c6b32a
17.28.10	正常	设备1 程序下载成功 
19.59.25	正常	设备1 CRC = 0x74c6b32a
19.59.43	正常	设备1 程序下载成功 
