16.22.29	正常	设备1 CRC = 0x1990f190
16.22.30	错误	设备1 downImage复位失败!!
16.22.30	警告	设备1 程序下载失败 
16.22.53	正常	设备1 继续下载失败的bin文件！ 
16.22.54	错误	设备1 downImage复位失败!!
16.22.54	警告	设备1 程序下载失败 
16.23.24	正常	设备1 CRC = 0x1990f190
16.23.24	错误	设备1 downImage复位失败!!
16.23.24	警告	设备1 程序下载失败 
16.23.43	正常	设备1 继续下载失败的bin文件！ 
16.23.44	错误	设备1 downImage复位失败!!
16.23.44	警告	设备1 程序下载失败 
16.23.49	正常	设备1 继续下载失败的bin文件！ 
16.23.49	错误	设备1 downImage复位失败!!
16.23.49	警告	设备1 程序下载失败 
16.24.36	正常	设备1 继续下载失败的bin文件！ 
16.24.37	错误	设备1 downImage复位失败!!
16.24.37	警告	设备1 程序下载失败 
16.24.57	正常	设备1 CRC = 0x1990f190
16.24.57	错误	设备1 downImage复位失败!!
16.24.57	警告	设备1 程序下载失败 
16.25.32	正常	设备1 继续下载失败的bin文件！ 
16.25.45	正常	设备1 程序下载成功 
16.32.22	正常	设备1 CRC = 0xb91b044e
16.32.35	正常	设备1 程序下载成功 
16.33.37	正常	设备1 CRC = 0xf150f8a0
16.33.50	正常	设备1 程序下载成功 
